<?xml version="1.0" encoding="UTF-8"?>
<!-- Generated by org.testng.reporters.JUnitReportReporter -->
<testsuite hostname="INHYLP0031" failures="0" tests="7" name="Runner.SteprunnerLogin" time="13.785" errors="7" timestamp="2024-05-24T19:07:49 IST" skipped="0">
  <testcase classname="Runner.SteprunnerLogin" name="runScenario" time="3.608">
    <error message="url not specified in config file." type="java.lang.RuntimeException">
      <![CDATA[java.lang.RuntimeException: url not specified in config file.
at utility.Proper.getBrowser(Proper.java:33)
at stepDefinations.suaseloginstep.initBrowser(suaseloginstep.java:32)
]]>
    </error>
  </testcase> <!-- runScenario -->
  <system-out/>
  <testcase classname="Runner.SteprunnerLogin" name="runScenario" time="2.009">
    <error message="url not specified in config file." type="java.lang.RuntimeException">
      <![CDATA[java.lang.RuntimeException: url not specified in config file.
at utility.Proper.getBrowser(Proper.java:33)
at stepDefinations.suaseloginstep.initBrowser(suaseloginstep.java:32)
]]>
    </error>
  </testcase> <!-- runScenario -->
  <system-out/>
  <testcase classname="Runner.SteprunnerLogin" name="runScenario" time="1.495">
    <error message="url not specified in config file." type="java.lang.RuntimeException">
      <![CDATA[java.lang.RuntimeException: url not specified in config file.
at utility.Proper.getBrowser(Proper.java:33)
at stepDefinations.suaseloginstep.initBrowser(suaseloginstep.java:32)
]]>
    </error>
  </testcase> <!-- runScenario -->
  <system-out/>
  <testcase classname="Runner.SteprunnerLogin" name="runScenario" time="1.605">
    <error message="url not specified in config file." type="java.lang.RuntimeException">
      <![CDATA[java.lang.RuntimeException: url not specified in config file.
at utility.Proper.getBrowser(Proper.java:33)
at stepDefinations.suaseloginstep.initBrowser(suaseloginstep.java:32)
]]>
    </error>
  </testcase> <!-- runScenario -->
  <system-out/>
  <testcase classname="Runner.SteprunnerLogin" name="runScenario" time="1.788">
    <error message="url not specified in config file." type="java.lang.RuntimeException">
      <![CDATA[java.lang.RuntimeException: url not specified in config file.
at utility.Proper.getBrowser(Proper.java:33)
at stepDefinations.suaseloginstep.initBrowser(suaseloginstep.java:32)
]]>
    </error>
  </testcase> <!-- runScenario -->
  <system-out/>
  <testcase classname="Runner.SteprunnerLogin" name="runScenario" time="1.652">
    <error message="url not specified in config file." type="java.lang.RuntimeException">
      <![CDATA[java.lang.RuntimeException: url not specified in config file.
at utility.Proper.getBrowser(Proper.java:33)
at stepDefinations.suaseloginstep.initBrowser(suaseloginstep.java:32)
]]>
    </error>
  </testcase> <!-- runScenario -->
  <system-out/>
  <testcase classname="Runner.SteprunnerLogin" name="runScenario" time="1.628">
    <error message="url not specified in config file." type="java.lang.RuntimeException">
      <![CDATA[java.lang.RuntimeException: url not specified in config file.
at utility.Proper.getBrowser(Proper.java:33)
at stepDefinations.suaseloginstep.initBrowser(suaseloginstep.java:32)
]]>
    </error>
  </testcase> <!-- runScenario -->
  <system-out/>
</testsuite> <!-- Runner.SteprunnerLogin -->
