<?xml version="1.0" encoding="UTF-8"?>
<!-- Generated by org.testng.reporters.JUnitReportReporter -->
<testsuite hostname="INHYLP0031" failures="0" tests="1" name="Runner.SteprunnerLogin" time="5.406" errors="0" timestamp="2024-06-03T14:47:37 IST" skipped="0">
  <testcase classname="Runner.SteprunnerLogin" name="runScenario" time="5.406"/>
  <system-out/>
</testsuite> <!-- Runner.SteprunnerLogin -->
