<?xml version="1.0" encoding="UTF-8"?>
<!-- Generated by org.testng.reporters.JUnitReportReporter -->
<testsuite hostname="INHYLP0031" failures="0" tests="1" name="Runner.SteprunnerLogin" time="19.269" errors="0" timestamp="2024-05-29T10:19:43 IST" skipped="0">
  <testcase classname="Runner.SteprunnerLogin" name="runScenario" time="19.269"/>
  <system-out/>
</testsuite> <!-- Runner.SteprunnerLogin -->
